<?xml version="1.0" encoding="UTF-8"?>
<!-- Generated by org.testng.reporters.JUnitReportReporter -->
<testsuite hostname="BINTERNS-QA47L" failures="0" tests="21" name="UBERTESTCASE.FreightTest" time="78.549" errors="0" timestamp="2023-05-02T16:06:11 IST" skipped="0">
  <testcase classname="UBERTESTCASE.FreightTest" name="LogoF_check" time="0.058"/>
  <system-out/>
  <testcase classname="UBERTESTCASE.FreightTest" name="Shipperb_Check" time="4.803"/>
  <system-out/>
  <testcase classname="UBERTESTCASE.FreightTest" name="GetAnInstant_check" time="2.012"/>
  <system-out/>
  <testcase classname="UBERTESTCASE.FreightTest" name="quote_details" time="12.561"/>
  <system-out/>
  <testcase classname="UBERTESTCASE.FreightTest" name="GetFreightbutton" time="2.313"/>
  <system-out/>
  <testcase classname="UBERTESTCASE.FreightTest" name="Carrierbt_Check" time="7.073"/>
  <system-out/>
  <testcase classname="UBERTESTCASE.FreightTest" name="Resourcebt_ch" time="0.113"/>
  <system-out/>
  <testcase classname="UBERTESTCASE.FreightTest" name="resourceitems_check" time="5.016"/>
  <system-out/>
  <testcase classname="UBERTESTCASE.FreightTest" name="Company_btCheck" time="0.097"/>
  <system-out/>
  <testcase classname="UBERTESTCASE.FreightTest" name="CompanuItem_ch" time="2.232"/>
  <system-out/>
  <testcase classname="UBERTESTCASE.FreightTest" name="support_btCheck" time="0.623"/>
  <system-out/>
  <testcase classname="UBERTESTCASE.FreightTest" name="supportItem_ch" time="6.840"/>
  <system-out/>
  <testcase classname="UBERTESTCASE.FreightTest" name="ship_with" time="2.864"/>
  <system-out/>
  <testcase classname="UBERTESTCASE.FreightTest" name="Request_demo" time="3.693"/>
  <system-out/>
  <testcase classname="UBERTESTCASE.FreightTest" name="Request_details" time="1.034"/>
  <system-out/>
  <testcase classname="UBERTESTCASE.FreightTest" name="CoonectWithexpert" time="3.299"/>
  <system-out/>
  <testcase classname="UBERTESTCASE.FreightTest" name="playvideo" time="6.762"/>
  <system-out/>
  <testcase classname="UBERTESTCASE.FreightTest" name="language_cha" time="9.765"/>
  <system-out/>
  <testcase classname="UBERTESTCASE.FreightTest" name="Modes_chec" time="2.484"/>
  <system-out/>
  <testcase classname="UBERTESTCASE.FreightTest" name="cross_chec" time="2.751"/>
  <system-out/>
  <testcase classname="UBERTESTCASE.FreightTest" name="sc_check" time="2.156"/>
  <system-out/>
</testsuite> <!-- UBERTESTCASE.FreightTest -->
